build/app/outputs/mapping/release/mapping.txt
# compiler: R8
# compiler_version: 1.5.64
# min_api: 16
# pg_map_id: 2fec1c6
br.com.felipebufelli.gif_finder.MainActivity -> br.com.felipebufelli.gif_finder.MainActivity:
    void configureFlutterEngine(io.flutter.embedding.engine.FlutterEngine) -> a
...
io.flutter.plugin.platform.PlatformPlugin$1 -> io.flutter.plugin.platform.c$a:
    io.flutter.plugin.platform.PlatformPlugin this$0 -> a
    java.lang.CharSequence getClipboardData(io.flutter.embedding.engine.systemchannels.PlatformChannel$ClipboardContentFormat) -> a
    java.util.List getSystemGestureExclusionRects() -> a
    void playSystemSound(io.flutter.embedding.engine.systemchannels.PlatformChannel$SoundType) -> a
    void setApplicationSwitcherDescription(io.flutter.embedding.engine.systemchannels.PlatformChannel$AppSwitcherDescription) -> a
    void setClipboardData(java.lang.String) -> a
    void setPreferredOrientations(int) -> a
    void setSystemGestureExclusionRects(java.util.ArrayList) -> a
    void setSystemUiOverlayStyle(io.flutter.embedding.engine.systemchannels.PlatformChannel$SystemChromeStyle) -> a
    void showSystemOverlays(java.util.List) -> a
    void vibrateHapticFeedback(io.flutter.embedding.engine.systemchannels.PlatformChannel$HapticFeedbackType) -> a
    void restoreSystemUiOverlays() -> b
    void popSystemNavigator() -> c
io.flutter.plugin.platform.PlatformPlugin$2 -> io.flutter.plugin.platform.c$b:
    int[] $SwitchMap$io$flutter$embedding$engine$systemchannels$PlatformChannel$SystemUiOverlay -> b
    int[] $SwitchMap$io$flutter$embedding$engine$systemchannels$PlatformChannel$Brightness -> c
    int[] $SwitchMap$io$flutter$embedding$engine$systemchannels$PlatformChannel$HapticFeedbackType -> a
io.flutter.plugin.platform.PlatformView -> io.flutter.plugin.platform.d:
    void dispose() -> a
    void onFlutterViewAttached(android.view.View) -> a
    void onInputConnectionUnlocked() -> b
    void onFlutterViewDetached() -> c
    android.view.View getView() -> d
    void onInputConnectionLocked() -> e
io.flutter.plugin.platform.PlatformViewFactory -> io.flutter.plugin.platform.e:
    io.flutter.plugin.common.MessageCodec createArgsCodec -> a
    io.flutter.plugin.platform.PlatformView create(android.content.Context,int,java.lang.Object) -> a
    io.flutter.plugin.common.MessageCodec getCreateArgsCodec() -> a
io.flutter.plugin.platform.PlatformViewRegistry -> io.flutter.plugin.platform.f:
io.flutter.plugin.platform.PlatformViewRegistryImpl -> io.flutter.plugin.platform.g:
    java.util.Map viewFactories -> a
    io.flutter.plugin.platform.PlatformViewFactory getFactory(java.lang.String) -> a
io.flutter.plugin.platform.PlatformViewsAccessibilityDelegate -> io.flutter.plugin.platform.h:
    void attachAccessibilityBridge(io.flutter.view.AccessibilityBridge) -> a
    void detachAccessibiltyBridge() -> a
    android.view.View getPlatformViewById(java.lang.Integer) -> a